[0.418s] Invoking command in '/home/daisuke/ros2_ws/src/mypkg': PYTHONPATH=/home/daisuke/ros2_ws/src/mypkg/build/mypkg/prefix_override:/home/daisuke/ros2_ws/src/mypkg/install/mypkg/lib/python3.10/site-packages:${PYTHONPATH} /usr/bin/python3 setup.py egg_info --egg-base build/mypkg build --build-base /home/daisuke/ros2_ws/src/mypkg/build/mypkg/build install --record /home/daisuke/ros2_ws/src/mypkg/build/mypkg/install.log --single-version-externally-managed
[0.584s] running egg_info
[0.584s] creating build/mypkg/mypkg.egg-info
[0.584s] writing build/mypkg/mypkg.egg-info/PKG-INFO
[0.584s] writing dependency_links to build/mypkg/mypkg.egg-info/dependency_links.txt
[0.585s] writing entry points to build/mypkg/mypkg.egg-info/entry_points.txt
[0.585s] writing requirements to build/mypkg/mypkg.egg-info/requires.txt
[0.585s] writing top-level names to build/mypkg/mypkg.egg-info/top_level.txt
[0.585s] writing manifest file 'build/mypkg/mypkg.egg-info/SOURCES.txt'
[0.586s] reading manifest file 'build/mypkg/mypkg.egg-info/SOURCES.txt'
[0.587s] writing manifest file 'build/mypkg/mypkg.egg-info/SOURCES.txt'
[0.587s] running build
[0.587s] running build_py
[0.587s] creating /home/daisuke/ros2_ws/src/mypkg/build/mypkg/build
[0.587s] creating /home/daisuke/ros2_ws/src/mypkg/build/mypkg/build/lib
[0.587s] creating /home/daisuke/ros2_ws/src/mypkg/build/mypkg/build/lib/mypkg
[0.588s] copying mypkg/talker.py -> /home/daisuke/ros2_ws/src/mypkg/build/mypkg/build/lib/mypkg
[0.588s] copying mypkg/listener.py -> /home/daisuke/ros2_ws/src/mypkg/build/mypkg/build/lib/mypkg
[0.588s] /usr/lib/python3/dist-packages/setuptools/command/install.py:34: SetuptoolsDeprecationWarning: setup.py install is deprecated. Use build and pip and other standards-based tools.
[0.588s]   warnings.warn(
[0.588s] copying mypkg/__init__.py -> /home/daisuke/ros2_ws/src/mypkg/build/mypkg/build/lib/mypkg
[0.588s] running install
[0.588s] running install_lib
[0.588s] creating /home/daisuke/ros2_ws/src/mypkg/install/mypkg/lib/python3.10/site-packages/mypkg
[0.588s] copying /home/daisuke/ros2_ws/src/mypkg/build/mypkg/build/lib/mypkg/talker.py -> /home/daisuke/ros2_ws/src/mypkg/install/mypkg/lib/python3.10/site-packages/mypkg
[0.589s] copying /home/daisuke/ros2_ws/src/mypkg/build/mypkg/build/lib/mypkg/listener.py -> /home/daisuke/ros2_ws/src/mypkg/install/mypkg/lib/python3.10/site-packages/mypkg
[0.589s] copying /home/daisuke/ros2_ws/src/mypkg/build/mypkg/build/lib/mypkg/__init__.py -> /home/daisuke/ros2_ws/src/mypkg/install/mypkg/lib/python3.10/site-packages/mypkg
[0.589s] byte-compiling /home/daisuke/ros2_ws/src/mypkg/install/mypkg/lib/python3.10/site-packages/mypkg/talker.py to talker.cpython-310.pyc
[0.589s] byte-compiling /home/daisuke/ros2_ws/src/mypkg/install/mypkg/lib/python3.10/site-packages/mypkg/listener.py to listener.cpython-310.pyc
[0.589s] byte-compiling /home/daisuke/ros2_ws/src/mypkg/install/mypkg/lib/python3.10/site-packages/mypkg/__init__.py to __init__.cpython-310.pyc
[0.589s] running install_data
[0.590s] creating /home/daisuke/ros2_ws/src/mypkg/install/mypkg/share/ament_index
[0.590s] creating /home/daisuke/ros2_ws/src/mypkg/install/mypkg/share/ament_index/resource_index
[0.590s] creating /home/daisuke/ros2_ws/src/mypkg/install/mypkg/share/ament_index/resource_index/packages
[0.590s] copying resource/mypkg -> /home/daisuke/ros2_ws/src/mypkg/install/mypkg/share/ament_index/resource_index/packages
[0.590s] copying package.xml -> /home/daisuke/ros2_ws/src/mypkg/install/mypkg/share/mypkg
[0.590s] copying launch/talk_listen.launch.py -> /home/daisuke/ros2_ws/src/mypkg/install/mypkg/share/mypkg
[0.590s] running install_egg_info
[0.591s] Copying build/mypkg/mypkg.egg-info to /home/daisuke/ros2_ws/src/mypkg/install/mypkg/lib/python3.10/site-packages/mypkg-0.0.0-py3.10.egg-info
[0.592s] running install_scripts
[0.607s] Installing listener script to /home/daisuke/ros2_ws/src/mypkg/install/mypkg/lib/mypkg
[0.607s] Installing talker script to /home/daisuke/ros2_ws/src/mypkg/install/mypkg/lib/mypkg
[0.607s] writing list of installed files to '/home/daisuke/ros2_ws/src/mypkg/build/mypkg/install.log'
[0.625s] Invoked command in '/home/daisuke/ros2_ws/src/mypkg' returned '0': PYTHONPATH=/home/daisuke/ros2_ws/src/mypkg/build/mypkg/prefix_override:/home/daisuke/ros2_ws/src/mypkg/install/mypkg/lib/python3.10/site-packages:${PYTHONPATH} /usr/bin/python3 setup.py egg_info --egg-base build/mypkg build --build-base /home/daisuke/ros2_ws/src/mypkg/build/mypkg/build install --record /home/daisuke/ros2_ws/src/mypkg/build/mypkg/install.log --single-version-externally-managed
